c:\users\仲仲\desktop\grid2u\pro\grid2u\grid2u\debug\vc141.pdb
c:\users\仲仲\desktop\grid2u\pro\grid2u\grid2u\debug\vc141.idb
c:\users\仲仲\desktop\grid2u\pro\grid2u\grid2u\debug\run.obj
c:\users\仲仲\desktop\grid2u\pro\grid2u\grid2u\debug\gr_vector.obj
c:\users\仲仲\desktop\grid2u\pro\grid2u\grid2u\debug\gr_seperate_detection.obj
c:\users\仲仲\desktop\grid2u\pro\grid2u\grid2u\debug\gr_matrix.obj
c:\users\仲仲\desktop\grid2u\pro\grid2u\grid2u\debug\gr_intersection.obj
c:\users\仲仲\desktop\grid2u\pro\grid2u\grid2u\debug\gr_geometry_algorithm.obj
c:\users\仲仲\desktop\grid2u\pro\grid2u\grid2u\debug\gr_geometry.obj
c:\users\仲仲\desktop\grid2u\pro\grid2u\grid2u\debug\gr_collision_detection.obj
c:\users\仲仲\desktop\grid2u\pro\grid2u\grid2u\debug\gr_cloest_point.obj
c:\users\仲仲\desktop\grid2u\pro\grid2u\grid2u\debug\gr_bounding.obj
c:\users\仲仲\desktop\grid2u\pro\grid2u\grid2u\debug\gr_rigidbody.obj
c:\users\仲仲\desktop\grid2u\pro\grid2u\grid2u\debug\gr_constraint_pipeline.obj
c:\users\仲仲\desktop\grid2u\pro\grid2u\grid2u\debug\gr_physics_pipeline.obj
c:\users\仲仲\desktop\grid2u\pro\grid2u\grid2u\debug\game.obj
c:\users\仲仲\desktop\grid2u\pro\grid2u\grid2u\debug\gr_object_model.obj
c:\users\仲仲\desktop\grid2u\pro\grid2u\debug\grid2u.exe
c:\users\仲仲\desktop\grid2u\pro\grid2u\debug\grid2u.ilk
c:\users\仲仲\desktop\grid2u\pro\grid2u\debug\grid2u.pdb
c:\users\仲仲\desktop\grid2u\pro\grid2u\grid2u\debug\grid2u.tlog\cl.command.1.tlog
c:\users\仲仲\desktop\grid2u\pro\grid2u\grid2u\debug\grid2u.tlog\cl.read.1.tlog
c:\users\仲仲\desktop\grid2u\pro\grid2u\grid2u\debug\grid2u.tlog\cl.write.1.tlog
c:\users\仲仲\desktop\grid2u\pro\grid2u\grid2u\debug\grid2u.tlog\link.command.1.tlog
c:\users\仲仲\desktop\grid2u\pro\grid2u\grid2u\debug\grid2u.tlog\link.read.1.tlog
c:\users\仲仲\desktop\grid2u\pro\grid2u\grid2u\debug\grid2u.tlog\link.write.1.tlog
